生成启动时间为 2018/9/9 星期日 下午 8:26:31。
     1>项目“E:\vs_pro\vector_practice\vector\vector\vector.vcxproj”在节点 2 上(Rebuild 个目标)。
     1>ClCompile:
         D:\Microsoft Visual Studio 12.0\VC\bin\CL.exe /c /ZI /nologo /W3 /WX- /sdl /Od /Oy- /D WIN32 /D _DEBUG /D _CONSOLE /D _LIB /D _UNICODE /D UNICODE /Gm /EHsc /RTC1 /MDd /GS /fp:precise /Zc:wchar_t /Zc:forScope /Fo"Debug\\" /Fd"Debug\vc120.pdb" /Gd /TP /analyze- /errorReport:prompt input.cpp map.cpp mynew.cpp set.cpp string.cpp test.cpp tt.cpp vector.cpp
         vector.cpp
         tt.cpp
         test.cpp
         string.cpp
         set.cpp
         mynew.cpp
         map.cpp
         input.cpp
     1>e:\vs_pro\vector_practice\vector\vector\input.cpp(28): warning C4101: “res”: 未引用的局部变量
         正在生成代码...
       Link:
         D:\Microsoft Visual Studio 12.0\VC\bin\link.exe /ERRORREPORT:PROMPT /OUT:"E:\vs_pro\vector_practice\vector\Debug\vector.exe" /INCREMENTAL /NOLOGO kernel32.lib user32.lib gdi32.lib winspool.lib comdlg32.lib advapi32.lib shell32.lib ole32.lib oleaut32.lib uuid.lib odbc32.lib odbccp32.lib /MANIFEST /MANIFESTUAC:"level='asInvoker' uiAccess='false'" /manifest:embed /DEBUG /PDB:"E:\vs_pro\vector_practice\vector\Debug\vector.pdb" /SUBSYSTEM:CONSOLE /TLBID:1 /DYNAMICBASE /NXCOMPAT /IMPLIB:"E:\vs_pro\vector_practice\vector\Debug\vector.lib" /MACHINE:X86 Debug\input.obj
         Debug\map.obj
         Debug\mynew.obj
         Debug\set.obj
         Debug\string.obj
         Debug\test.obj
         Debug\tt.obj
         Debug\vector.obj
         vector.vcxproj -> E:\vs_pro\vector_practice\vector\Debug\vector.exe
     1>已完成生成项目“E:\vs_pro\vector_practice\vector\vector\vector.vcxproj”(Rebuild 个目标)的操作。

生成成功。

已用时间 00:00:02.81
